2026-02-05 01:32:17,831 - INFO - DataPipeline initialized with output directory: data/processed
2026-02-05 01:32:17,831 - INFO - Starting Multi-Timeframe Pipeline for BTC-USD
2026-02-05 01:32:17,831 - INFO - Fetching BTC-USD [15m] (attempt 1/3)
2026-02-05 01:32:20,227 - INFO - Successfully fetched 5730 rows for BTC-USD [15m]
2026-02-05 01:32:21,095 - INFO - Saved 15m data to data/processed/BTC-USD_15m.parquet
2026-02-05 01:32:21,096 - INFO - Fetching BTC-USD [1h] (attempt 1/3)
2026-02-05 01:32:21,706 - INFO - Successfully fetched 17481 rows for BTC-USD [1h]
2026-02-05 01:32:21,713 - INFO - Saved 1h data to data/processed/BTC-USD_1h.parquet
2026-02-05 01:32:21,713 - INFO - Fetching BTC-USD [1h] (attempt 1/3)
2026-02-05 01:32:21,875 - INFO - Successfully fetched 17481 rows for BTC-USD [1h]
2026-02-05 01:32:21,875 - INFO - Resampling data to 4h...
2026-02-05 01:32:21,877 - INFO - Resampled to 4373 rows
2026-02-05 01:32:21,881 - INFO - Saved 4h data to data/processed/BTC-USD_4h.parquet
2026-02-05 01:32:21,882 - INFO - Fetching BTC-USD [1d] (attempt 1/3)
2026-02-05 01:32:22,206 - INFO - Successfully fetched 4159 rows for BTC-USD [1d]
2026-02-05 01:32:22,211 - INFO - Saved 1d data to data/processed/BTC-USD_1d.parquet
2026-02-05 01:32:22,211 - INFO - ==================================================
2026-02-05 01:32:22,211 - INFO - Pipeline Completed. Success: 4/4
2026-02-05 01:32:22,211 - INFO - ==================================================
2026-02-05 01:36:15,783 - INFO - DataPipeline initialized with output directory: data/processed
2026-02-05 01:36:15,783 - INFO - Starting Multi-Timeframe Pipeline for BTC-USD
2026-02-05 01:36:15,783 - INFO - Fetching BTC-USD [15m] (attempt 1/3)
2026-02-05 01:36:17,124 - INFO - Successfully fetched 5731 rows for BTC-USD [15m]
2026-02-05 01:36:17,147 - INFO - Saved 15m data to data/processed/BTC-USD_15m.parquet
2026-02-05 01:36:17,147 - INFO - Fetching BTC-USD [1h] (attempt 1/3)
2026-02-05 01:36:17,317 - INFO - Successfully fetched 2133 rows for BTC-USD [1h]
2026-02-05 01:36:17,321 - INFO - Saved 1h data to data/processed/BTC-USD_1h.parquet
2026-02-05 01:36:17,321 - INFO - Fetching BTC-USD [1h] (attempt 1/3)
2026-02-05 01:36:17,894 - INFO - Successfully fetched 17481 rows for BTC-USD [1h]
2026-02-05 01:36:17,894 - INFO - Resampling data to 4h...
2026-02-05 01:36:17,896 - INFO - Resampled to 4373 rows
2026-02-05 01:36:17,901 - INFO - Saved 4h data to data/processed/BTC-USD_4h.parquet
2026-02-05 01:36:17,901 - INFO - Fetching BTC-USD [1d] (attempt 1/3)
2026-02-05 01:36:18,037 - INFO - Successfully fetched 366 rows for BTC-USD [1d]
2026-02-05 01:36:18,040 - INFO - Saved 1d data to data/processed/BTC-USD_1d.parquet
2026-02-05 01:36:18,040 - INFO - ==================================================
2026-02-05 01:36:18,040 - INFO - Pipeline Completed. Success: 4/4
2026-02-05 01:36:18,040 - INFO - ==================================================
2026-02-05 01:36:54,204 - INFO - DataPipeline initialized with output directory: data/processed
2026-02-05 01:36:54,204 - INFO - Starting Multi-Timeframe Pipeline for BTC-USD
2026-02-05 01:36:54,204 - INFO - Fetching BTC-USD [15m] (attempt 1/3)
2026-02-05 01:36:55,977 - INFO - Successfully fetched 5731 rows for BTC-USD [15m]
2026-02-05 01:36:55,999 - INFO - Saved 15m data to data/processed/BTC-USD_15m.parquet
2026-02-05 01:36:55,999 - INFO - Fetching BTC-USD [1h] (attempt 1/3)
2026-02-05 01:36:56,299 - INFO - Successfully fetched 2133 rows for BTC-USD [1h]
2026-02-05 01:36:56,307 - INFO - Saved 1h data to data/processed/BTC-USD_1h.parquet
2026-02-05 01:36:56,307 - INFO - Fetching BTC-USD [1h] (attempt 1/3)
2026-02-05 01:36:56,397 - INFO - Successfully fetched 2133 rows for BTC-USD [1h]
2026-02-05 01:36:56,397 - INFO - Resampling data to 4h...
2026-02-05 01:36:56,400 - INFO - Resampled to 535 rows
2026-02-05 01:36:56,403 - INFO - Saved 4h data to data/processed/BTC-USD_4h.parquet
2026-02-05 01:36:56,403 - INFO - Fetching BTC-USD [1d] (attempt 1/3)
2026-02-05 01:36:56,543 - INFO - Successfully fetched 366 rows for BTC-USD [1d]
2026-02-05 01:36:56,546 - INFO - Saved 1d data to data/processed/BTC-USD_1d.parquet
2026-02-05 01:36:56,546 - INFO - ==================================================
2026-02-05 01:36:56,546 - INFO - Pipeline Completed. Success: 4/4
2026-02-05 01:36:56,546 - INFO - ==================================================
